CodeFort Free Edition 1.5.2949

-----------------------------------------------------------
--- Date:    13-12-2014 17:13:59
--- Level:   baA
--- Message: Initializing build process.
-----------------------------------------------------------



-----------------------------------------------------------
--- Date:    13-12-2014 17:13:59
--- Level:   baB
--- Message: Loading assemblies
-----------------------------------------------------------



-----------------------------------------------------------
--- Date:    13-12-2014 17:14:10
--- Level:   baB
--- Message: Initializing processing
-----------------------------------------------------------



-----------------------------------------------------------
--- Date:    13-12-2014 17:14:10
--- Level:   baB
--- Message: Scanning code
-----------------------------------------------------------



-----------------------------------------------------------
--- Date:    13-12-2014 17:14:11
--- Level:   baB
--- Message: Resolving obfuscation settings
-----------------------------------------------------------



-----------------------------------------------------------
--- Date:    13-12-2014 17:14:11
--- Level:   baB
--- Message: Generating code
-----------------------------------------------------------



-----------------------------------------------------------
--- Date:    13-12-2014 17:14:11
--- Level:   baB
--- Message: Stripping metadata
-----------------------------------------------------------



-----------------------------------------------------------
--- Date:    13-12-2014 17:14:11
--- Level:   baB
--- Message: Encrypting strings
-----------------------------------------------------------



-----------------------------------------------------------
--- Date:    13-12-2014 17:14:11
--- Level:   baB
--- Message: Generating code
-----------------------------------------------------------



-----------------------------------------------------------
--- Date:    13-12-2014 17:14:11
--- Level:   baB
--- Message: Scrambling references
-----------------------------------------------------------



-----------------------------------------------------------
--- Date:    13-12-2014 17:14:12
--- Level:   baB
--- Message: Sealing classes
-----------------------------------------------------------



-----------------------------------------------------------
--- Date:    13-12-2014 17:14:12
--- Level:   baB
--- Message: Post processing
-----------------------------------------------------------



-----------------------------------------------------------
--- Date:    13-12-2014 17:14:12
--- Level:   baB
--- Message: Processing resources
-----------------------------------------------------------



-----------------------------------------------------------
--- Date:    13-12-2014 17:14:12
--- Level:   baB
--- Message: Post processing
-----------------------------------------------------------



-----------------------------------------------------------
--- Date:    13-12-2014 17:14:12
--- Level:   baB
--- Message: Outputting dependency assemblies
-----------------------------------------------------------



-----------------------------------------------------------
--- Date:    13-12-2014 17:14:12
--- Level:   baB
--- Message: Embedding dependencies
-----------------------------------------------------------



-----------------------------------------------------------
--- Date:    13-12-2014 17:14:12
--- Level:   baB
--- Message: Outputting main assembly
-----------------------------------------------------------



-----------------------------------------------------------
--- Date:    13-12-2014 17:14:12
--- Level:   baB
--- Message: Build completed
-----------------------------------------------------------



-----------------------------------------------------------
--- Date:    13-12-2014 17:14:12
--- Level:   baB
--- Message: Copying dependencies to target directory
-----------------------------------------------------------



-----------------------------------------------------------
--- Date:    13-12-2014 17:14:12
--- Level:   baB
--- Message: Updating incremental mapping database
-----------------------------------------------------------



-----------------------------------------------------------
--- Date:    13-12-2014 17:14:12
--- Level:   baB
--- Message: Done
-----------------------------------------------------------



-----------------------------------------------------------
--- Date:    13-12-2014 17:14:12
--- Level:   baA
--- Message: Cleaning up
-----------------------------------------------------------



-----------------------------------------------------------
--- Date:    13-12-2014 17:14:12
--- Level:   baA
--- Message: Build completed
-----------------------------------------------------------



